<?xml version="1.0" encoding="UTF-8"?>
<!-- Generated by org.testng.reporters.JUnitReportReporter -->
<testsuite skipped="0" hostname="Doremon" name="TestCases.Tests" tests="7" failures="0" timestamp="2020-08-11T12:50:52 IST" time="75.053" errors="0">
  <testcase name="profile_btn_and_google" time="12.360" classname="TestCases.Tests"/>
  <system-out/>
  <testcase name="invalidmail" time="11.916" classname="TestCases.Tests"/>
  <system-out/>
  <testcase name="nullmail" time="12.435" classname="TestCases.Tests"/>
  <system-out/>
  <testcase name="invalidphn" time="12.549" classname="TestCases.Tests"/>
  <system-out/>
  <testcase name="v_mail_inv_pswd" time="7.033" classname="TestCases.Tests"/>
  <system-out/>
  <testcase name="v_phn_inv_pswd" time="6.663" classname="TestCases.Tests"/>
  <system-out/>
  <testcase name="v_mail_null_pswd" time="12.097" classname="TestCases.Tests"/>
  <system-out/>
</testsuite> <!-- TestCases.Tests -->
