<?xml version="1.0" encoding="UTF-8"?>
<!-- Generated by org.testng.reporters.JUnitReportReporter -->
<testsuite skipped="0" hostname="Doremon" name="TestCases.UpcomingHondaBikes" tests="2" failures="0" timestamp="2020-09-02T12:36:02 IST" time="108.101" errors="0">
  <testcase name="upcomingHondaBikesTest" time="33.369" classname="TestCases.UpcomingHondaBikes"/>
  <system-out/>
  <testcase name="upcomingHondaBikesTest" time="74.732" classname="TestCases.UpcomingHondaBikes"/>
  <system-out/>
</testsuite> <!-- TestCases.UpcomingHondaBikes -->
